[2025-04-02T02:54:03.685+0000] {manager.py:483} INFO - Processing files using up to 2 processes at a time 
[2025-04-02T02:54:03.685+0000] {manager.py:484} INFO - Process each file at most once every 30 seconds
[2025-04-02T02:54:03.686+0000] {manager.py:485} INFO - Checking for new files in /opt/airflow/dags every 300 seconds
[2025-04-02T02:54:03.686+0000] {manager.py:821} INFO - Searching for files in /opt/airflow/dags
[2025-04-02T02:54:03.690+0000] {manager.py:824} INFO - There are 0 files in /opt/airflow/dags
[2025-04-02T02:57:23.156+0000] {manager.py:465} INFO - Exiting gracefully upon receiving signal 15
[2025-04-02T02:58:02.752+0000] {manager.py:483} INFO - Processing files using up to 2 processes at a time 
[2025-04-02T02:58:02.805+0000] {manager.py:484} INFO - Process each file at most once every 30 seconds
[2025-04-02T02:58:02.808+0000] {manager.py:485} INFO - Checking for new files in /opt/airflow/dags every 300 seconds
[2025-04-02T02:58:02.809+0000] {manager.py:821} INFO - Searching for files in /opt/airflow/dags
[2025-04-02T02:58:02.810+0000] {manager.py:824} INFO - There are 0 files in /opt/airflow/dags
[2025-04-02T03:30:57.857+0000] {manager.py:821} INFO - Searching for files in /opt/airflow/dags
[2025-04-02T03:30:57.862+0000] {manager.py:824} INFO - There are 0 files in /opt/airflow/dags
[2025-04-02T04:59:18.012+0000] {manager.py:821} INFO - Searching for files in /opt/airflow/dags
[2025-04-02T04:59:18.014+0000] {manager.py:824} INFO - There are 0 files in /opt/airflow/dags
[2025-04-02T06:00:21.073+0000] {manager.py:821} INFO - Searching for files in /opt/airflow/dags
[2025-04-02T06:00:21.074+0000] {manager.py:824} INFO - There are 0 files in /opt/airflow/dags
[2025-04-02T06:57:46.629+0000] {manager.py:821} INFO - Searching for files in /opt/airflow/dags
[2025-04-02T06:57:46.631+0000] {manager.py:824} INFO - There are 0 files in /opt/airflow/dags
[2025-04-02T07:02:47.429+0000] {manager.py:821} INFO - Searching for files in /opt/airflow/dags
[2025-04-02T07:02:47.431+0000] {manager.py:824} INFO - There are 0 files in /opt/airflow/dags
[2025-04-02T07:07:47.921+0000] {manager.py:821} INFO - Searching for files in /opt/airflow/dags
[2025-04-02T07:07:47.924+0000] {manager.py:824} INFO - There are 0 files in /opt/airflow/dags
[2025-04-02T07:12:48.742+0000] {manager.py:821} INFO - Searching for files in /opt/airflow/dags
[2025-04-02T07:12:48.749+0000] {manager.py:824} INFO - There are 0 files in /opt/airflow/dags
[2025-04-02T07:17:48.813+0000] {manager.py:821} INFO - Searching for files in /opt/airflow/dags
[2025-04-02T07:17:48.823+0000] {manager.py:824} INFO - There are 0 files in /opt/airflow/dags
[2025-04-02T07:22:49.343+0000] {manager.py:821} INFO - Searching for files in /opt/airflow/dags
[2025-04-02T07:22:49.348+0000] {manager.py:824} INFO - There are 0 files in /opt/airflow/dags
[2025-04-02T07:27:49.400+0000] {manager.py:821} INFO - Searching for files in /opt/airflow/dags
[2025-04-02T07:27:49.403+0000] {manager.py:824} INFO - There are 0 files in /opt/airflow/dags
[2025-04-02T07:32:50.240+0000] {manager.py:821} INFO - Searching for files in /opt/airflow/dags
[2025-04-02T07:32:50.248+0000] {manager.py:824} INFO - There are 0 files in /opt/airflow/dags
[2025-04-02T07:37:50.960+0000] {manager.py:821} INFO - Searching for files in /opt/airflow/dags
[2025-04-02T07:37:50.968+0000] {manager.py:824} INFO - There are 0 files in /opt/airflow/dags
[2025-04-02T07:42:51.324+0000] {manager.py:821} INFO - Searching for files in /opt/airflow/dags
[2025-04-02T07:42:51.330+0000] {manager.py:824} INFO - There are 0 files in /opt/airflow/dags
[2025-04-02T07:47:51.348+0000] {manager.py:821} INFO - Searching for files in /opt/airflow/dags
[2025-04-02T07:47:51.363+0000] {manager.py:824} INFO - There are 0 files in /opt/airflow/dags
[2025-04-02T07:52:52.333+0000] {manager.py:821} INFO - Searching for files in /opt/airflow/dags
[2025-04-02T07:52:52.337+0000] {manager.py:824} INFO - There are 0 files in /opt/airflow/dags
[2025-04-02T07:57:53.038+0000] {manager.py:821} INFO - Searching for files in /opt/airflow/dags
[2025-04-02T07:57:53.043+0000] {manager.py:824} INFO - There are 0 files in /opt/airflow/dags
[2025-04-02T08:24:44.862+0000] {manager.py:821} INFO - Searching for files in /opt/airflow/dags
[2025-04-02T08:24:44.866+0000] {manager.py:824} INFO - There are 0 files in /opt/airflow/dags
[2025-04-02T08:36:01.222+0000] {manager.py:821} INFO - Searching for files in /opt/airflow/dags
[2025-04-02T08:36:01.225+0000] {manager.py:824} INFO - There are 0 files in /opt/airflow/dags
[2025-04-02T08:41:01.804+0000] {manager.py:821} INFO - Searching for files in /opt/airflow/dags
[2025-04-02T08:41:01.815+0000] {manager.py:824} INFO - There are 0 files in /opt/airflow/dags
[2025-04-02T08:46:02.490+0000] {manager.py:821} INFO - Searching for files in /opt/airflow/dags
[2025-04-02T08:46:02.496+0000] {manager.py:824} INFO - There are 0 files in /opt/airflow/dags
[2025-04-02T08:51:02.918+0000] {manager.py:821} INFO - Searching for files in /opt/airflow/dags
[2025-04-02T08:51:02.927+0000] {manager.py:824} INFO - There are 0 files in /opt/airflow/dags
[2025-04-02T08:56:02.969+0000] {manager.py:821} INFO - Searching for files in /opt/airflow/dags
[2025-04-02T08:56:02.976+0000] {manager.py:824} INFO - There are 0 files in /opt/airflow/dags
[2025-04-02T09:01:03.456+0000] {manager.py:821} INFO - Searching for files in /opt/airflow/dags
[2025-04-02T09:01:03.464+0000] {manager.py:824} INFO - There are 0 files in /opt/airflow/dags
[2025-04-02T09:06:04.290+0000] {manager.py:821} INFO - Searching for files in /opt/airflow/dags
[2025-04-02T09:06:04.298+0000] {manager.py:824} INFO - There are 0 files in /opt/airflow/dags
[2025-04-02T09:11:04.693+0000] {manager.py:821} INFO - Searching for files in /opt/airflow/dags
[2025-04-02T09:11:04.699+0000] {manager.py:824} INFO - There are 0 files in /opt/airflow/dags
[2025-04-02T09:16:05.175+0000] {manager.py:821} INFO - Searching for files in /opt/airflow/dags
[2025-04-02T09:16:05.181+0000] {manager.py:824} INFO - There are 0 files in /opt/airflow/dags
[2025-04-02T09:21:06.003+0000] {manager.py:821} INFO - Searching for files in /opt/airflow/dags
[2025-04-02T09:21:06.007+0000] {manager.py:824} INFO - There are 0 files in /opt/airflow/dags
[2025-04-02T09:26:06.664+0000] {manager.py:821} INFO - Searching for files in /opt/airflow/dags
[2025-04-02T09:26:06.668+0000] {manager.py:824} INFO - There are 0 files in /opt/airflow/dags
[2025-04-02T09:31:07.283+0000] {manager.py:821} INFO - Searching for files in /opt/airflow/dags
[2025-04-02T09:31:07.292+0000] {manager.py:824} INFO - There are 0 files in /opt/airflow/dags
[2025-04-02T09:36:07.964+0000] {manager.py:821} INFO - Searching for files in /opt/airflow/dags
[2025-04-02T09:36:07.970+0000] {manager.py:824} INFO - There are 0 files in /opt/airflow/dags
[2025-04-02T09:41:08.797+0000] {manager.py:821} INFO - Searching for files in /opt/airflow/dags
[2025-04-02T09:41:08.824+0000] {manager.py:824} INFO - There are 0 files in /opt/airflow/dags
[2025-04-02T09:46:09.450+0000] {manager.py:821} INFO - Searching for files in /opt/airflow/dags
[2025-04-02T09:46:09.459+0000] {manager.py:824} INFO - There are 0 files in /opt/airflow/dags
[2025-04-02T09:51:10.037+0000] {manager.py:821} INFO - Searching for files in /opt/airflow/dags
[2025-04-02T09:51:10.046+0000] {manager.py:824} INFO - There are 0 files in /opt/airflow/dags
[2025-04-02T09:56:18.494+0000] {manager.py:821} INFO - Searching for files in /opt/airflow/dags
[2025-04-02T09:56:22.050+0000] {manager.py:824} INFO - There are 0 files in /opt/airflow/dags
[2025-04-02T10:04:31.568+0000] {manager.py:483} INFO - Processing files using up to 2 processes at a time 
[2025-04-02T10:04:31.573+0000] {manager.py:484} INFO - Process each file at most once every 30 seconds
[2025-04-02T10:04:31.574+0000] {manager.py:485} INFO - Checking for new files in /opt/airflow/dags every 300 seconds
[2025-04-02T10:04:31.574+0000] {manager.py:821} INFO - Searching for files in /opt/airflow/dags
[2025-04-02T10:04:31.582+0000] {manager.py:824} INFO - There are 0 files in /opt/airflow/dags
[2025-04-02T10:09:32.088+0000] {manager.py:821} INFO - Searching for files in /opt/airflow/dags
[2025-04-02T10:09:32.093+0000] {manager.py:824} INFO - There are 0 files in /opt/airflow/dags
[2025-04-02T10:14:32.750+0000] {manager.py:821} INFO - Searching for files in /opt/airflow/dags
[2025-04-02T10:14:32.752+0000] {manager.py:824} INFO - There are 0 files in /opt/airflow/dags
[2025-04-02T10:19:32.968+0000] {manager.py:821} INFO - Searching for files in /opt/airflow/dags
[2025-04-02T10:19:32.973+0000] {manager.py:824} INFO - There are 0 files in /opt/airflow/dags
[2025-04-02T10:24:33.177+0000] {manager.py:821} INFO - Searching for files in /opt/airflow/dags
[2025-04-02T10:24:33.178+0000] {manager.py:824} INFO - There are 0 files in /opt/airflow/dags
[2025-04-02T10:29:33.529+0000] {manager.py:821} INFO - Searching for files in /opt/airflow/dags
[2025-04-02T10:29:33.534+0000] {manager.py:824} INFO - There are 0 files in /opt/airflow/dags
[2025-04-02T10:34:33.816+0000] {manager.py:821} INFO - Searching for files in /opt/airflow/dags
[2025-04-02T10:34:33.821+0000] {manager.py:824} INFO - There are 0 files in /opt/airflow/dags
[2025-04-02T10:39:34.181+0000] {manager.py:821} INFO - Searching for files in /opt/airflow/dags
[2025-04-02T10:39:34.186+0000] {manager.py:824} INFO - There are 0 files in /opt/airflow/dags
[2025-04-02T10:44:34.730+0000] {manager.py:821} INFO - Searching for files in /opt/airflow/dags
[2025-04-02T10:44:34.734+0000] {manager.py:824} INFO - There are 0 files in /opt/airflow/dags
[2025-04-02T10:49:35.208+0000] {manager.py:821} INFO - Searching for files in /opt/airflow/dags
[2025-04-02T10:49:35.212+0000] {manager.py:824} INFO - There are 0 files in /opt/airflow/dags
[2025-04-02T10:54:35.464+0000] {manager.py:821} INFO - Searching for files in /opt/airflow/dags
[2025-04-02T10:54:35.466+0000] {manager.py:824} INFO - There are 0 files in /opt/airflow/dags
[2025-04-02T10:59:35.823+0000] {manager.py:821} INFO - Searching for files in /opt/airflow/dags
[2025-04-02T10:59:35.827+0000] {manager.py:824} INFO - There are 0 files in /opt/airflow/dags
[2025-04-02T11:04:36.431+0000] {manager.py:821} INFO - Searching for files in /opt/airflow/dags
[2025-04-02T11:04:36.435+0000] {manager.py:824} INFO - There are 0 files in /opt/airflow/dags
[2025-04-02T11:09:36.740+0000] {manager.py:821} INFO - Searching for files in /opt/airflow/dags
[2025-04-02T11:09:36.742+0000] {manager.py:824} INFO - There are 0 files in /opt/airflow/dags
[2025-04-02T11:14:36.943+0000] {manager.py:821} INFO - Searching for files in /opt/airflow/dags
[2025-04-02T11:14:36.947+0000] {manager.py:824} INFO - There are 0 files in /opt/airflow/dags
[2025-04-02T11:19:37.345+0000] {manager.py:821} INFO - Searching for files in /opt/airflow/dags
[2025-04-02T11:19:37.348+0000] {manager.py:824} INFO - There are 0 files in /opt/airflow/dags
[2025-04-02T11:23:50.862+0000] {manager.py:465} INFO - Exiting gracefully upon receiving signal 15
[2025-04-02T11:27:27.706+0000] {manager.py:483} INFO - Processing files using up to 2 processes at a time 
[2025-04-02T11:27:27.714+0000] {manager.py:484} INFO - Process each file at most once every 30 seconds
[2025-04-02T11:27:27.715+0000] {manager.py:485} INFO - Checking for new files in /opt/airflow/dags every 300 seconds
[2025-04-02T11:27:27.715+0000] {manager.py:821} INFO - Searching for files in /opt/airflow/dags
[2025-04-02T11:27:27.717+0000] {manager.py:824} INFO - There are 0 files in /opt/airflow/dags
[2025-04-02T11:32:28.370+0000] {manager.py:821} INFO - Searching for files in /opt/airflow/dags
[2025-04-02T11:32:28.375+0000] {manager.py:824} INFO - There are 0 files in /opt/airflow/dags
[2025-04-02T11:37:28.711+0000] {manager.py:821} INFO - Searching for files in /opt/airflow/dags
[2025-04-02T11:37:28.714+0000] {manager.py:824} INFO - There are 0 files in /opt/airflow/dags
[2025-04-02T11:42:29.125+0000] {manager.py:821} INFO - Searching for files in /opt/airflow/dags
[2025-04-02T11:42:29.129+0000] {manager.py:824} INFO - There are 0 files in /opt/airflow/dags
[2025-04-02T11:47:29.326+0000] {manager.py:821} INFO - Searching for files in /opt/airflow/dags
[2025-04-02T11:47:29.328+0000] {manager.py:824} INFO - There are 0 files in /opt/airflow/dags
[2025-04-02T11:52:29.504+0000] {manager.py:821} INFO - Searching for files in /opt/airflow/dags
[2025-04-02T11:52:29.507+0000] {manager.py:824} INFO - There are 0 files in /opt/airflow/dags
[2025-04-02T11:57:29.963+0000] {manager.py:821} INFO - Searching for files in /opt/airflow/dags
[2025-04-02T11:57:29.972+0000] {manager.py:824} INFO - There are 0 files in /opt/airflow/dags
[2025-04-02T12:02:30.623+0000] {manager.py:821} INFO - Searching for files in /opt/airflow/dags
[2025-04-02T12:02:30.629+0000] {manager.py:824} INFO - There are 0 files in /opt/airflow/dags
[2025-04-02T12:07:31.186+0000] {manager.py:821} INFO - Searching for files in /opt/airflow/dags
[2025-04-02T12:07:31.192+0000] {manager.py:824} INFO - There are 0 files in /opt/airflow/dags
